0 info it worked if it ends with ok
1 verbose cli [ '/usr/bin/node',
1 verbose cli   '/usr/bin/npm',
1 verbose cli   'install',
1 verbose cli   'reactjs-popup',
1 verbose cli   '--save' ]
2 info using npm@3.5.2
3 info using node@v8.10.0
4 verbose config Skipping project config: /home/satvik/.npmrc. (matches userconfig)
5 silly loadCurrentTree Starting
6 silly install loadCurrentTree
7 silly install readLocalPackageData
8 silly rollbackFailedOptional Starting
9 silly rollbackFailedOptional Finishing
10 silly runTopLevelLifecycles Starting
11 silly runTopLevelLifecycles Finishing
12 silly install printInstalled
13 verbose stack Error: ENOENT: no such file or directory, stat '/home/satvik/node_modules/graphql'
14 verbose cwd /home/satvik/Desktop/HospitalAssistance
15 error Linux 4.15.0-88-generic
16 error argv "/usr/bin/node" "/usr/bin/npm" "install" "reactjs-popup" "--save"
17 error node v8.10.0
18 error npm  v3.5.2
19 error path /home/satvik/node_modules/graphql
20 error code ENOENT
21 error errno -2
22 error syscall stat
23 error enoent ENOENT: no such file or directory, stat '/home/satvik/node_modules/graphql'
24 error enoent ENOENT: no such file or directory, stat '/home/satvik/node_modules/graphql'
24 error enoent This is most likely not a problem with npm itself
24 error enoent and is related to npm not being able to find a file.
25 verbose exit [ -2, true ]
